Using pre-set license
Built from '2020.3/staging' branch; Version is '2020.3.17f1 (a4537701e4ab) revision 10769271'; Using compiler version '192528614'; Build Type 'Release'
OS: 'Windows 10 Enterprise; OS build 19041.1165; Version 2004; 64bit' Language: 'en' Physical Memory: 16235 MB
BatchMode: 1, IsHumanControllingUs: 0, StartBugReporterOnCrash: 0, Is64bit: 1, IsPro: 0

COMMAND LINE ARGUMENTS:
C:\Program Files\Unity\Hub\Editor\2020.3.17f1\Editor\Unity.exe
-adb2
-batchMode
-noUpm
-name
AssetImportWorker0
-projectPath
C:/Users/grenard/Documents/Test Unity Project
-logFile
Logs/AssetImportWorker0.log
-srvPort
53598
Successfully changed project path to: C:/Users/grenard/Documents/Test Unity Project
C:/Users/grenard/Documents/Test Unity Project
Using Asset Import Pipeline V2.
Refreshing native plugins compatible for Editor in 55.30 ms, found 2 plugins.
Preloading 0 native plugins for Editor in 0.00 ms.
Initialize engine version: 2020.3.17f1 (a4537701e4ab)
[Subsystems] Discovering subsystems at path C:/Program Files/Unity/Hub/Editor/2020.3.17f1/Editor/Data/Resources/UnitySubsystems
[Subsystems] Discovering subsystems at path C:/Users/grenard/Documents/Test Unity Project/Assets
GfxDevice: creating device client; threaded=0
Direct3D:
    Version:  Direct3D 11.0 [level 11.1]
    Renderer: NVIDIA Quadro P2000 (ID=0x1cba)
    Vendor:   
    VRAM:     4018 MB
    Driver:   27.21.14.5296
Initialize mono
Mono path[0] = 'C:/Program Files/Unity/Hub/Editor/2020.3.17f1/Editor/Data/Managed'
Mono path[1] = 'C:/Program Files/Unity/Hub/Editor/2020.3.17f1/Editor/Data/MonoBleedingEdge/lib/mono/unityjit'
Mono config path = 'C:/Program Files/Unity/Hub/Editor/2020.3.17f1/Editor/Data/MonoBleedingEdge/etc'
Using monoOptions --debugger-agent=transport=dt_socket,embedding=1,server=y,suspend=n,address=127.0.0.1:56172
Begin MonoManager ReloadAssembly
Registering precompiled unity dll's ...
Register platform support module: C:/Program Files/Unity/Hub/Editor/2020.3.17f1/Editor/Data/PlaybackEngines/WindowsStandaloneSupport/UnityEditor.WindowsStandalone.Extensions.dll
Registered in 0.005816 seconds.
Native extension for WindowsStandalone target not found
Refreshing native plugins compatible for Editor in 68.87 ms, found 2 plugins.
Preloading 0 native plugins for Editor in 0.00 ms.
Mono: successfully reloaded assembly
- Completed reload, in  3.611 seconds
Domain Reload Profiling:
	ReloadAssembly (3612ms)
		BeginReloadAssembly (157ms)
			ExecutionOrderSort (0ms)
			DisableScriptedObjects (0ms)
			BackupInstance (0ms)
			ReleaseScriptingObjects (0ms)
			CreateAndSetChildDomain (2ms)
		EndReloadAssembly (1047ms)
			LoadAssemblies (148ms)
			RebuildTransferFunctionScriptingTraits (0ms)
			SetupTypeCache (334ms)
			ReleaseScriptCaches (0ms)
			RebuildScriptCaches (64ms)
			SetupLoadedEditorAssemblies (453ms)
				LogAssemblyErrors (0ms)
				InitializePlatformSupportModulesInManaged (8ms)
				SetLoadedEditorAssemblies (0ms)
				RefreshPlugins (69ms)
				BeforeProcessingInitializeOnLoad (54ms)
				ProcessInitializeOnLoadAttributes (219ms)
				ProcessInitializeOnLoadMethodAttributes (102ms)
				AfterProcessingInitializeOnLoad (0ms)
				EditorAssembliesLoaded (0ms)
			ExecutionOrderSort2 (0ms)
			AwakeInstancesAfterBackupRestoration (0ms)
Platform modules already initialized, skipping
Registering precompiled user dll's ...
Registered in 0.012695 seconds.
Begin MonoManager ReloadAssembly
Native extension for WindowsStandalone target not found
Refreshing native plugins compatible for Editor in 0.58 ms, found 2 plugins.
Preloading 0 native plugins for Editor in 0.00 ms.
Mono: successfully reloaded assembly
- Completed reload, in  2.221 seconds
Domain Reload Profiling:
	ReloadAssembly (2223ms)
		BeginReloadAssembly (353ms)
			ExecutionOrderSort (0ms)
			DisableScriptedObjects (14ms)
			BackupInstance (0ms)
			ReleaseScriptingObjects (0ms)
			CreateAndSetChildDomain (38ms)
		EndReloadAssembly (1674ms)
			LoadAssemblies (226ms)
			RebuildTransferFunctionScriptingTraits (0ms)
			SetupTypeCache (592ms)
			ReleaseScriptCaches (0ms)
			RebuildScriptCaches (59ms)
			SetupLoadedEditorAssemblies (676ms)
				LogAssemblyErrors (0ms)
				InitializePlatformSupportModulesInManaged (12ms)
				SetLoadedEditorAssemblies (1ms)
				RefreshPlugins (1ms)
				BeforeProcessingInitializeOnLoad (149ms)
				ProcessInitializeOnLoadAttributes (497ms)
				ProcessInitializeOnLoadMethodAttributes (6ms)
				AfterProcessingInitializeOnLoad (10ms)
				EditorAssembliesLoaded (0ms)
			ExecutionOrderSort2 (0ms)
			AwakeInstancesAfterBackupRestoration (9ms)
Platform modules already initialized, skipping
========================================================================
Worker process is ready to serve import requests
Launched and connected shader compiler UnityShaderCompiler.exe after 0.10 seconds
Refreshing native plugins compatible for Editor in 0.30 ms, found 2 plugins.
Preloading 0 native plugins for Editor in 0.00 ms.
Unloading 1399 Unused Serialized files (Serialized files now loaded: 0)
System memory in use before: 65.5 MB.
System memory in use after: 65.5 MB.

Unloading 18 unused Assets to reduce memory usage. Loaded Objects now: 1836.
Total: 3.322000 ms (FindLiveObjects: 0.184200 ms CreateObjectMapping: 0.052700 ms MarkObjects: 2.963400 ms  DeleteObjects: 0.120300 ms)

AssetImportParameters requested are different than current active one (requested -> active):
  custom:framework-win-MediaFoundation: 216162199b28c13a410421893ffa2e32 -> 
  custom:video-decoder-ogg-theora: a1e56fd34408186e4bbccfd4996cb3dc -> 
  custom:container-muxer-webm: aa71ff27fc2769a1b78a27578f13a17b -> 
  custom:container-demuxer-webm: 4f35f7cbe854078d1ac9338744f61a02 -> 
  custom:container-demuxer-ogg: 62fdf1f143b41e24485cea50d1cbac27 -> 
  custom:video-encoder-webm-vp8: eb34c28f22e8b96e1ab97ce403110664 -> 
  custom:video-decoder-webm-vp8: 9c59270c3fd7afecdb556c50c9e8de78 -> 
  custom:audio-decoder-ogg-vorbis: bf7c407c2cedff20999df2af8eb42d56 -> 
  custom:audio-encoder-webm-vorbis: bf7c407c2cedff20999df2af8eb42d56 -> 
========================================================================
Received Import Request.
  path: Assets/perfect-lowpoly-crate/source
  artifactKey: Guid(690deb9acc3f7b64fbde1425994d9695) Importer(815301076,1909f56bfc062723c751e8b465ee728b)
Start importing Assets/perfect-lowpoly-crate/source using Guid(690deb9acc3f7b64fbde1425994d9695) Importer(815301076,1909f56bfc062723c751e8b465ee728b)  -> (artifact id: 'd38c4d7904c7034b66f073514bb3b82f') in 0.007028 seconds 
  Import took 0.009998 seconds .

========================================================================
Received Import Request.
  Time since last request: 0.000464 seconds.
  path: Assets/perfect-lowpoly-crate/source/LP_Crate.fbx
  artifactKey: Guid(e00c9a5c5e0393142980d62957dd4af7) Importer(815301076,1909f56bfc062723c751e8b465ee728b)
Start importing Assets/perfect-lowpoly-crate/source/LP_Crate.fbx using Guid(e00c9a5c5e0393142980d62957dd4af7) Importer(815301076,1909f56bfc062723c751e8b465ee728b)  -> (artifact id: '02948c1a4f8671f5208633e5c8676401') in 0.355385 seconds 
  Import took 0.358168 seconds .

========================================================================
Received Import Request.
  Time since last request: 0.000493 seconds.
  path: Assets/perfect-lowpoly-crate
  artifactKey: Guid(da70e439042705a43a2023e57f4bd44c) Importer(815301076,1909f56bfc062723c751e8b465ee728b)
Start importing Assets/perfect-lowpoly-crate using Guid(da70e439042705a43a2023e57f4bd44c) Importer(815301076,1909f56bfc062723c751e8b465ee728b)  -> (artifact id: 'f51e0164163adabb57700531d4146236') in 0.003847 seconds 
  Import took 0.006733 seconds .

========================================================================
Received Import Request.
  Time since last request: 211.421547 seconds.
  path: Assets/perfect-lowpoly-crate/textures/crate_ao.png
  artifactKey: Guid(415f50db764adc846a089b591ccec885) Importer(815301076,1909f56bfc062723c751e8b465ee728b)
Start importing Assets/perfect-lowpoly-crate/textures/crate_ao.png using Guid(415f50db764adc846a089b591ccec885) Importer(815301076,1909f56bfc062723c751e8b465ee728b)  -> (artifact id: 'a9b04998e459b131f043e1ae325eaf19') in 0.050200 seconds 
  Import took 0.055287 seconds .

========================================================================
Received Import Request.
  Time since last request: 0.000506 seconds.
  path: Assets/perfect-lowpoly-crate/textures/crate_normal.png
  artifactKey: Guid(5f8fcb141f0244b4e9d96ef396fc4c8d) Importer(815301076,1909f56bfc062723c751e8b465ee728b)
Start importing Assets/perfect-lowpoly-crate/textures/crate_normal.png using Guid(5f8fcb141f0244b4e9d96ef396fc4c8d) Importer(815301076,1909f56bfc062723c751e8b465ee728b)  -> (artifact id: '1ea4cc796bf847ca6c7ab3160ee1329f') in 0.021116 seconds 
  Import took 0.025998 seconds .

========================================================================
Received Import Request.
  Time since last request: 35.167367 seconds.
  path: Assets/Prefabs
  artifactKey: Guid(80bdedb2350dca447bdb7ca9943abb17) Importer(815301076,1909f56bfc062723c751e8b465ee728b)
Start importing Assets/Prefabs using Guid(80bdedb2350dca447bdb7ca9943abb17) Importer(815301076,1909f56bfc062723c751e8b465ee728b)  -> (artifact id: '718ce6d7dad4533b6ce62809131f0a3d') in 0.048594 seconds 
  Import took 0.052954 seconds .

========================================================================
Received Import Request.
  Time since last request: 104.079331 seconds.
  path: Assets/perfect-lowpoly-crate/textures
  artifactKey: Guid(d53cca13107d359479e677d2d8191c8d) Importer(815301076,1909f56bfc062723c751e8b465ee728b)
Start importing Assets/perfect-lowpoly-crate/textures using Guid(d53cca13107d359479e677d2d8191c8d) Importer(815301076,1909f56bfc062723c751e8b465ee728b)  -> (artifact id: 'db176d5847f84429c19fa0bab526741c') in 0.004219 seconds 
  Import took 0.007999 seconds .

========================================================================
Received Import Request.
  Time since last request: 0.000437 seconds.
  path: Assets/perfect-lowpoly-crate/textures
  artifactKey: Guid(d53cca13107d359479e677d2d8191c8d) Importer(815301076,1909f56bfc062723c751e8b465ee728b)
Start importing Assets/perfect-lowpoly-crate/textures using Guid(d53cca13107d359479e677d2d8191c8d) Importer(815301076,1909f56bfc062723c751e8b465ee728b)  -> (artifact id: 'db176d5847f84429c19fa0bab526741c') in 0.003842 seconds 
  Import took 0.007053 seconds .

========================================================================
Received Import Request.
  Time since last request: 31.384071 seconds.
  path: Assets/Materials/LP_Crate.mat
  artifactKey: Guid(03cbe67339ca0514b921967b40af7cca) Importer(815301076,1909f56bfc062723c751e8b465ee728b)
Start importing Assets/Materials/LP_Crate.mat using Guid(03cbe67339ca0514b921967b40af7cca) Importer(815301076,1909f56bfc062723c751e8b465ee728b)  -> (artifact id: 'bb63e679ca2bad4799bd4c9a60455111') in 0.027938 seconds 
  Import took 0.031062 seconds .

========================================================================
Received Import Request.
  Time since last request: 212.112002 seconds.
  path: Assets/Prefabs/clouds.prefab
  artifactKey: Guid(46cf641c9e92de94fac4e7e8fcd9c75a) Importer(815301076,1909f56bfc062723c751e8b465ee728b)
Start importing Assets/Prefabs/clouds.prefab using Guid(46cf641c9e92de94fac4e7e8fcd9c75a) Importer(815301076,1909f56bfc062723c751e8b465ee728b)  -> (artifact id: 'ff38d7b08db2b9abb39023feaa913048') in 0.049149 seconds 
  Import took 0.053132 seconds .

========================================================================
Received Import Request.
  Time since last request: 0.000947 seconds.
  path: Assets/Prefabs/clouds.prefab
  artifactKey: Guid(46cf641c9e92de94fac4e7e8fcd9c75a) Importer(815301076,1909f56bfc062723c751e8b465ee728b)
Start importing Assets/Prefabs/clouds.prefab using Guid(46cf641c9e92de94fac4e7e8fcd9c75a) Importer(815301076,1909f56bfc062723c751e8b465ee728b)  -> (artifact id: 'ff38d7b08db2b9abb39023feaa913048') in 0.042230 seconds 
  Import took 0.045376 seconds .

========================================================================
Received Import Request.
  Time since last request: 36.248994 seconds.
  path: Assets/Prefabs/Mushrooms.prefab
  artifactKey: Guid(a12729f118f9cdf4e9c37e3ce244db87) Importer(815301076,1909f56bfc062723c751e8b465ee728b)
Start importing Assets/Prefabs/Mushrooms.prefab using Guid(a12729f118f9cdf4e9c37e3ce244db87) Importer(815301076,1909f56bfc062723c751e8b465ee728b)  -> (artifact id: 'f24226711116cd4a133b6067ea5fc4c5') in 0.028245 seconds 
  Import took 0.034954 seconds .

========================================================================
Received Import Request.
  Time since last request: 20.398401 seconds.
  path: Assets/Prefabs/Rock.prefab
  artifactKey: Guid(dfb694ecd6de6504bbf406899736dcb2) Importer(815301076,1909f56bfc062723c751e8b465ee728b)
Start importing Assets/Prefabs/Rock.prefab using Guid(dfb694ecd6de6504bbf406899736dcb2) Importer(815301076,1909f56bfc062723c751e8b465ee728b)  -> (artifact id: '90f924e3da4bbc5cc635462f23441266') in 0.011698 seconds 
  Import took 0.014704 seconds .

========================================================================
Received Import Request.
  Time since last request: 6.507143 seconds.
  path: Assets/Prefabs/Stones.prefab
  artifactKey: Guid(f2986fe44d0fc974291aa7eb0ca580ec) Importer(815301076,1909f56bfc062723c751e8b465ee728b)
Start importing Assets/Prefabs/Stones.prefab using Guid(f2986fe44d0fc974291aa7eb0ca580ec) Importer(815301076,1909f56bfc062723c751e8b465ee728b)  -> (artifact id: 'a8c4ffc08d66b4fe59956b6bc67c7e55') in 0.012243 seconds 
  Import took 0.015655 seconds .

========================================================================
Received Import Request.
  Time since last request: 697.122214 seconds.
  path: Assets/Prefabs/house.prefab
  artifactKey: Guid(bcd300ca9233a254783dd76a29b891be) Importer(815301076,1909f56bfc062723c751e8b465ee728b)
Start importing Assets/Prefabs/house.prefab using Guid(bcd300ca9233a254783dd76a29b891be) Importer(815301076,1909f56bfc062723c751e8b465ee728b)  -> (artifact id: '6e36e5eead9a6a6ca322e2253d2fd90f') in 0.020332 seconds 
  Import took 0.025089 seconds .

AssetImportWorkerClient::OnTransportError - code=2 error=End of file
