Using pre-set license
Built from '2020.3/staging' branch; Version is '2020.3.17f1 (a4537701e4ab) revision 10769271'; Using compiler version '192528614'; Build Type 'Release'
OS: 'Windows 10 Enterprise; OS build 19041.1237; Version 2004; 64bit' Language: 'en' Physical Memory: 16235 MB
BatchMode: 1, IsHumanControllingUs: 0, StartBugReporterOnCrash: 0, Is64bit: 1, IsPro: 0

COMMAND LINE ARGUMENTS:
C:\Program Files\Unity\Hub\Editor\2020.3.17f1\Editor\Unity.exe
-adb2
-batchMode
-noUpm
-name
AssetImportWorker0
-projectPath
C:/Users/grenard/Documents/Test Unity Project
-logFile
Logs/AssetImportWorker0.log
-srvPort
56865
Successfully changed project path to: C:/Users/grenard/Documents/Test Unity Project
C:/Users/grenard/Documents/Test Unity Project
Using Asset Import Pipeline V2.
Refreshing native plugins compatible for Editor in 129.31 ms, found 2 plugins.
Preloading 0 native plugins for Editor in 0.00 ms.
Initialize engine version: 2020.3.17f1 (a4537701e4ab)
[Subsystems] Discovering subsystems at path C:/Program Files/Unity/Hub/Editor/2020.3.17f1/Editor/Data/Resources/UnitySubsystems
[Subsystems] Discovering subsystems at path C:/Users/grenard/Documents/Test Unity Project/Assets
GfxDevice: creating device client; threaded=0
Direct3D:
    Version:  Direct3D 11.0 [level 11.1]
    Renderer: NVIDIA Quadro P2000 (ID=0x1cba)
    Vendor:   
    VRAM:     4018 MB
    Driver:   27.21.14.5296
Initialize mono
Mono path[0] = 'C:/Program Files/Unity/Hub/Editor/2020.3.17f1/Editor/Data/Managed'
Mono path[1] = 'C:/Program Files/Unity/Hub/Editor/2020.3.17f1/Editor/Data/MonoBleedingEdge/lib/mono/unityjit'
Mono config path = 'C:/Program Files/Unity/Hub/Editor/2020.3.17f1/Editor/Data/MonoBleedingEdge/etc'
Using monoOptions --debugger-agent=transport=dt_socket,embedding=1,server=y,suspend=n,address=127.0.0.1:56220
Begin MonoManager ReloadAssembly
Registering precompiled unity dll's ...
Register platform support module: C:/Program Files/Unity/Hub/Editor/2020.3.17f1/Editor/Data/PlaybackEngines/WindowsStandaloneSupport/UnityEditor.WindowsStandalone.Extensions.dll
Registered in 0.003717 seconds.
Native extension for WindowsStandalone target not found
Refreshing native plugins compatible for Editor in 95.11 ms, found 2 plugins.
Preloading 0 native plugins for Editor in 0.00 ms.
Mono: successfully reloaded assembly
- Completed reload, in  2.970 seconds
Domain Reload Profiling:
	ReloadAssembly (2971ms)
		BeginReloadAssembly (109ms)
			ExecutionOrderSort (0ms)
			DisableScriptedObjects (0ms)
			BackupInstance (0ms)
			ReleaseScriptingObjects (0ms)
			CreateAndSetChildDomain (1ms)
		EndReloadAssembly (950ms)
			LoadAssemblies (108ms)
			RebuildTransferFunctionScriptingTraits (0ms)
			SetupTypeCache (254ms)
			ReleaseScriptCaches (0ms)
			RebuildScriptCaches (91ms)
			SetupLoadedEditorAssemblies (418ms)
				LogAssemblyErrors (0ms)
				InitializePlatformSupportModulesInManaged (15ms)
				SetLoadedEditorAssemblies (1ms)
				RefreshPlugins (95ms)
				BeforeProcessingInitializeOnLoad (24ms)
				ProcessInitializeOnLoadAttributes (207ms)
				ProcessInitializeOnLoadMethodAttributes (77ms)
				AfterProcessingInitializeOnLoad (0ms)
				EditorAssembliesLoaded (1ms)
			ExecutionOrderSort2 (0ms)
			AwakeInstancesAfterBackupRestoration (0ms)
Platform modules already initialized, skipping
Registering precompiled user dll's ...
Registered in 0.025368 seconds.
Begin MonoManager ReloadAssembly
Native extension for WindowsStandalone target not found
Refreshing native plugins compatible for Editor in 0.75 ms, found 2 plugins.
Preloading 0 native plugins for Editor in 0.00 ms.
Mono: successfully reloaded assembly
- Completed reload, in  2.286 seconds
Domain Reload Profiling:
	ReloadAssembly (2287ms)
		BeginReloadAssembly (377ms)
			ExecutionOrderSort (0ms)
			DisableScriptedObjects (8ms)
			BackupInstance (0ms)
			ReleaseScriptingObjects (0ms)
			CreateAndSetChildDomain (36ms)
		EndReloadAssembly (1746ms)
			LoadAssemblies (253ms)
			RebuildTransferFunctionScriptingTraits (0ms)
			SetupTypeCache (489ms)
			ReleaseScriptCaches (0ms)
			RebuildScriptCaches (72ms)
			SetupLoadedEditorAssemblies (766ms)
				LogAssemblyErrors (0ms)
				InitializePlatformSupportModulesInManaged (9ms)
				SetLoadedEditorAssemblies (1ms)
				RefreshPlugins (1ms)
				BeforeProcessingInitializeOnLoad (215ms)
				ProcessInitializeOnLoadAttributes (520ms)
				ProcessInitializeOnLoadMethodAttributes (8ms)
				AfterProcessingInitializeOnLoad (11ms)
				EditorAssembliesLoaded (0ms)
			ExecutionOrderSort2 (0ms)
			AwakeInstancesAfterBackupRestoration (11ms)
Platform modules already initialized, skipping
========================================================================
Worker process is ready to serve import requests
Launched and connected shader compiler UnityShaderCompiler.exe after 0.11 seconds
Refreshing native plugins compatible for Editor in 0.64 ms, found 2 plugins.
Preloading 0 native plugins for Editor in 0.00 ms.
Unloading 1402 Unused Serialized files (Serialized files now loaded: 0)
System memory in use before: 65.8 MB.
System memory in use after: 65.9 MB.

Unloading 18 unused Assets to reduce memory usage. Loaded Objects now: 1841.
Total: 4.798000 ms (FindLiveObjects: 0.373600 ms CreateObjectMapping: 0.144000 ms MarkObjects: 4.184800 ms  DeleteObjects: 0.093700 ms)

AssetImportParameters requested are different than current active one (requested -> active):
  custom:framework-win-MediaFoundation: 216162199b28c13a410421893ffa2e32 -> 
  custom:video-decoder-ogg-theora: a1e56fd34408186e4bbccfd4996cb3dc -> 
  custom:container-muxer-webm: aa71ff27fc2769a1b78a27578f13a17b -> 
  custom:container-demuxer-webm: 4f35f7cbe854078d1ac9338744f61a02 -> 
  custom:container-demuxer-ogg: 62fdf1f143b41e24485cea50d1cbac27 -> 
  custom:video-encoder-webm-vp8: eb34c28f22e8b96e1ab97ce403110664 -> 
  custom:video-decoder-webm-vp8: 9c59270c3fd7afecdb556c50c9e8de78 -> 
  custom:audio-decoder-ogg-vorbis: bf7c407c2cedff20999df2af8eb42d56 -> 
  custom:audio-encoder-webm-vorbis: bf7c407c2cedff20999df2af8eb42d56 -> 
========================================================================
Received Import Request.
  path: Assets/Scenes/to be named.unity
  artifactKey: Guid(112583f64b24e804785ccfb2b8cabfe2) Importer(815301076,1909f56bfc062723c751e8b465ee728b)
Start importing Assets/Scenes/to be named.unity using Guid(112583f64b24e804785ccfb2b8cabfe2) Importer(815301076,1909f56bfc062723c751e8b465ee728b)  -> (artifact id: '6e991bdb03f35854e012f224e93f03c2') in 0.021160 seconds 
  Import took 0.026489 seconds .

========================================================================
Received Import Request.
  Time since last request: 16.248104 seconds.
  path: Assets/Materials/New Material 1.mat
  artifactKey: Guid(f379538b99d69004fb972ee16eab2b6a) Importer(815301076,1909f56bfc062723c751e8b465ee728b)
Start importing Assets/Materials/New Material 1.mat using Guid(f379538b99d69004fb972ee16eab2b6a) Importer(815301076,1909f56bfc062723c751e8b465ee728b)  -> (artifact id: '11f0341353c57b66b820e2e6a1e6902c') in 0.293458 seconds 
  Import took 0.301250 seconds .

========================================================================
Received Import Request.
  Time since last request: 0.001083 seconds.
  path: Assets/Materials/windows.mat
  artifactKey: Guid(6761d8ee370eb564ebac8d2c0935cf46) Importer(815301076,1909f56bfc062723c751e8b465ee728b)
Start importing Assets/Materials/windows.mat using Guid(6761d8ee370eb564ebac8d2c0935cf46) Importer(815301076,1909f56bfc062723c751e8b465ee728b)  -> (artifact id: '21140bf8f722e2e50dc8b8861ca2bf24') in 0.040222 seconds 
  Import took 0.048474 seconds .

========================================================================
Received Import Request.
  Time since last request: 0.004817 seconds.
  path: Assets/Materials/windows.mat
  artifactKey: Guid(6761d8ee370eb564ebac8d2c0935cf46) Importer(815301076,1909f56bfc062723c751e8b465ee728b)
Start importing Assets/Materials/windows.mat using Guid(6761d8ee370eb564ebac8d2c0935cf46) Importer(815301076,1909f56bfc062723c751e8b465ee728b)  -> (artifact id: '21140bf8f722e2e50dc8b8861ca2bf24') in 0.015018 seconds 
  Import took 0.020221 seconds .

========================================================================
Received Import Request.
  Time since last request: 21.083949 seconds.
  path: Assets/Materials/Ball.mat
  artifactKey: Guid(14d8e1dabc75f4a4a932342324d13a26) Importer(815301076,1909f56bfc062723c751e8b465ee728b)
Start importing Assets/Materials/Ball.mat using Guid(14d8e1dabc75f4a4a932342324d13a26) Importer(815301076,1909f56bfc062723c751e8b465ee728b)  -> (artifact id: '4bb4a4c4a07abd14d458b03e9b1999b8') in 0.014046 seconds 
  Import took 0.017835 seconds .

========================================================================
Received Import Request.
  Time since last request: 444.064256 seconds.
  path: Assets/Animation.anim
  artifactKey: Guid(fe21b9e0d2211e74a8ac9925c5bb649e) Importer(815301076,1909f56bfc062723c751e8b465ee728b)
Start importing Assets/Animation.anim using Guid(fe21b9e0d2211e74a8ac9925c5bb649e) Importer(815301076,1909f56bfc062723c751e8b465ee728b)  -> (artifact id: '00000000000000000000000000000000') in 3.063628 seconds  code(4) message(Build asset version error: assets/animation.anim in SourceAssetDB has modification time of '2021-10-14T13:43:05.2923882Z' while content on disk has modification time of '0001-01-01T00:00:00Z' with error code 2
Stacktrace:
0x00007ff6b8a158fc (Unity) StackWalker::GetCurrentCallstack
0x00007ff6b8a1df99 (Unity) StackWalker::ShowCallstack
0x00007ff6b9f3c34c (Unity) GetStacktrace
0x00007ff6ba11f3e7 (Unity) GetAssetHashAndValidate
0x00007ff6ba11a5b3 (Unity) AssetVersionBuilder::BuildHashOfSourceAssetArray
0x00007ff6ba118522 (Unity) AssetVersionBuilder::BuildAssetVersion
0x00007ff6ba0f299d (Unity) CreateAssetVersionBuilder
0x00007ff6ba0f969d (Unity) ImportToObjects
0x00007ff6ba0f84b8 (Unity) ImportAsset
0x00007ff6ba05a2b8 (Unity) AssetImportWorker::Import
0x00007ff6ba0ad64a (Unity) <lambda_7448d646502792db0127dc89657ec83e>::operator()
0x00007ff6ba1518d2 (Unity) asio::detail::completion_handler<core::mutable_function<void __cdecl(void)> >::do_complete
0x00007ff6ba153a30 (Unity) asio::detail::win_iocp_io_service::do_one
0x00007ff6ba1571be (Unity) asio::io_service::run
0x00007ff6ba0da40b (Unity) RunAssetImportWorkerClientV2
0x00007ff6ba0da460 (Unity) RunAssetImporterV2
0x00007ff6b95a19a6 (Unity) Application::InitializeProject
0x00007ff6b9f498b2 (Unity) WinMain
0x00007ff6bbd9d3b6 (Unity) __scrt_common_main_seh
0x00007ffc5b557034 (KERNEL32) BaseThreadInitThunk
0x00007ffc5c222651 (ntdll) RtlUserThreadStart
)
  ERROR: Build asset version error: assets/animation.anim in SourceAssetDB has modification time of '2021-10-14T13:43:05.2923882Z' while content on disk has modification time of '0001-01-01T00:00:00Z' with error code 2
Stacktrace:
0x00007ff6b8a158fc (Unity) StackWalker::GetCurrentCallstack
0x00007ff6b8a1df99 (Unity) StackWalker::ShowCallstack
0x00007ff6b9f3c34c (Unity) GetStacktrace
0x00007ff6ba11f3e7 (Unity) GetAssetHashAndValidate
0x00007ff6ba11a5b3 (Unity) AssetVersionBuilder::BuildHashOfSourceAssetArray
0x00007ff6ba118522 (Unity) AssetVersionBuilder::BuildAssetVersion
0x00007ff6ba0f299d (Unity) CreateAssetVersionBuilder
0x00007ff6ba0f969d (Unity) ImportToObjects
0x00007ff6ba0f84b8 (Unity) ImportAsset
0x00007ff6ba05a2b8 (Unity) AssetImportWorker::Import
0x00007ff6ba0ad64a (Unity) <lambda_7448d646502792db0127dc89657ec83e>::operator()
0x00007ff6ba1518d2 (Unity) asio::detail::completion_handler<core::mutable_function<void __cdecl(void)> >::do_complete
0x00007ff6ba153a30 (Unity) asio::detail::win_iocp_io_service::do_one
0x00007ff6ba1571be (Unity) asio::io_service::run
0x00007ff6ba0da40b (Unity) RunAssetImportWorkerClientV2
0x00007ff6ba0da460 (Unity) RunAssetImporterV2
0x00007ff6b95a19a6 (Unity) Application::InitializeProject
0x00007ff6b9f498b2 (Unity) WinMain
0x00007ff6bbd9d3b6 (Unity) __scrt_common_main_seh
0x00007ffc5b557034 (KERNEL32) BaseThreadInitThunk
0x00007ffc5c222651 (ntdll) RtlUserThreadStart

  Import took 3.068882 seconds .

========================================================================
Received Import Request.
  Time since last request: 2.596714 seconds.
  path: Assets/Animation.anim
  artifactKey: Guid(fe21b9e0d2211e74a8ac9925c5bb649e) Importer(815301076,1909f56bfc062723c751e8b465ee728b)
Start importing Assets/Animation.anim using Guid(fe21b9e0d2211e74a8ac9925c5bb649e) Importer(815301076,1909f56bfc062723c751e8b465ee728b)  -> (artifact id: '00000000000000000000000000000000') in 0.013447 seconds  code(4) message(Build asset version error: assets/animation.anim in SourceAssetDB has modification time of '2021-10-14T13:43:05.2923882Z' while content on disk has modification time of '0001-01-01T00:00:00Z' with error code 2
Stacktrace:
0x00007ff6b8a158fc (Unity) StackWalker::GetCurrentCallstack
0x00007ff6b8a1df99 (Unity) StackWalker::ShowCallstack
0x00007ff6b9f3c34c (Unity) GetStacktrace
0x00007ff6ba11f3e7 (Unity) GetAssetHashAndValidate
0x00007ff6ba11a5b3 (Unity) AssetVersionBuilder::BuildHashOfSourceAssetArray
0x00007ff6ba118522 (Unity) AssetVersionBuilder::BuildAssetVersion
0x00007ff6ba0f299d (Unity) CreateAssetVersionBuilder
0x00007ff6ba0f969d (Unity) ImportToObjects
0x00007ff6ba0f84b8 (Unity) ImportAsset
0x00007ff6ba05a2b8 (Unity) AssetImportWorker::Import
0x00007ff6ba0ad64a (Unity) <lambda_7448d646502792db0127dc89657ec83e>::operator()
0x00007ff6ba1518d2 (Unity) asio::detail::completion_handler<core::mutable_function<void __cdecl(void)> >::do_complete
0x00007ff6ba153a30 (Unity) asio::detail::win_iocp_io_service::do_one
0x00007ff6ba1571be (Unity) asio::io_service::run
0x00007ff6ba0da40b (Unity) RunAssetImportWorkerClientV2
0x00007ff6ba0da460 (Unity) RunAssetImporterV2
0x00007ff6b95a19a6 (Unity) Application::InitializeProject
0x00007ff6b9f498b2 (Unity) WinMain
0x00007ff6bbd9d3b6 (Unity) __scrt_common_main_seh
0x00007ffc5b557034 (KERNEL32) BaseThreadInitThunk
0x00007ffc5c222651 (ntdll) RtlUserThreadStart
)
  ERROR: Build asset version error: assets/animation.anim in SourceAssetDB has modification time of '2021-10-14T13:43:05.2923882Z' while content on disk has modification time of '0001-01-01T00:00:00Z' with error code 2
Stacktrace:
0x00007ff6b8a158fc (Unity) StackWalker::GetCurrentCallstack
0x00007ff6b8a1df99 (Unity) StackWalker::ShowCallstack
0x00007ff6b9f3c34c (Unity) GetStacktrace
0x00007ff6ba11f3e7 (Unity) GetAssetHashAndValidate
0x00007ff6ba11a5b3 (Unity) AssetVersionBuilder::BuildHashOfSourceAssetArray
0x00007ff6ba118522 (Unity) AssetVersionBuilder::BuildAssetVersion
0x00007ff6ba0f299d (Unity) CreateAssetVersionBuilder
0x00007ff6ba0f969d (Unity) ImportToObjects
0x00007ff6ba0f84b8 (Unity) ImportAsset
0x00007ff6ba05a2b8 (Unity) AssetImportWorker::Import
0x00007ff6ba0ad64a (Unity) <lambda_7448d646502792db0127dc89657ec83e>::operator()
0x00007ff6ba1518d2 (Unity) asio::detail::completion_handler<core::mutable_function<void __cdecl(void)> >::do_complete
0x00007ff6ba153a30 (Unity) asio::detail::win_iocp_io_service::do_one
0x00007ff6ba1571be (Unity) asio::io_service::run
0x00007ff6ba0da40b (Unity) RunAssetImportWorkerClientV2
0x00007ff6ba0da460 (Unity) RunAssetImporterV2
0x00007ff6b95a19a6 (Unity) Application::InitializeProject
0x00007ff6b9f498b2 (Unity) WinMain
0x00007ff6bbd9d3b6 (Unity) __scrt_common_main_seh
0x00007ffc5b557034 (KERNEL32) BaseThreadInitThunk
0x00007ffc5c222651 (ntdll) RtlUserThreadStart

  Import took 0.025670 seconds .

========================================================================
Received Import Request.
  Time since last request: 1.367087 seconds.
  path: Assets/Ball.controller
  artifactKey: Guid(1712032b1c33c9c419f12bddc3321c45) Importer(815301076,1909f56bfc062723c751e8b465ee728b)
Start importing Assets/Ball.controller using Guid(1712032b1c33c9c419f12bddc3321c45) Importer(815301076,1909f56bfc062723c751e8b465ee728b)  -> (artifact id: '1f78c989537990f2fb74244be7f62173') in 0.043404 seconds 
  Import took 0.060839 seconds .

========================================================================
Received Import Request.
  Time since last request: 13.255415 seconds.
  path: Assets/Animations
  artifactKey: Guid(1e5f2a238ce99b447a522239bad46aa8) Importer(815301076,1909f56bfc062723c751e8b465ee728b)
Start importing Assets/Animations using Guid(1e5f2a238ce99b447a522239bad46aa8) Importer(815301076,1909f56bfc062723c751e8b465ee728b)  -> (artifact id: 'fe788ae9437e3903a36c2f95598fbddb') in 0.005105 seconds 
  Import took 0.009916 seconds .

========================================================================
Received Import Request.
  Time since last request: 0.000702 seconds.
  path: Assets/Animations
  artifactKey: Guid(1e5f2a238ce99b447a522239bad46aa8) Importer(815301076,1909f56bfc062723c751e8b465ee728b)
Start importing Assets/Animations using Guid(1e5f2a238ce99b447a522239bad46aa8) Importer(815301076,1909f56bfc062723c751e8b465ee728b)  -> (artifact id: 'fe788ae9437e3903a36c2f95598fbddb') in 0.004664 seconds 
  Import took 0.009156 seconds .

========================================================================
Received Prepare
Registering precompiled user dll's ...
Registered in 0.013819 seconds.
Begin MonoManager ReloadAssembly
Native extension for WindowsStandalone target not found
Refreshing native plugins compatible for Editor in 0.46 ms, found 2 plugins.
Preloading 0 native plugins for Editor in 0.00 ms.
Mono: successfully reloaded assembly
- Completed reload, in  1.892 seconds
Domain Reload Profiling:
	ReloadAssembly (1893ms)
		BeginReloadAssembly (278ms)
			ExecutionOrderSort (0ms)
			DisableScriptedObjects (8ms)
			BackupInstance (0ms)
			ReleaseScriptingObjects (0ms)
			CreateAndSetChildDomain (84ms)
		EndReloadAssembly (1379ms)
			LoadAssemblies (195ms)
			RebuildTransferFunctionScriptingTraits (0ms)
			SetupTypeCache (507ms)
			ReleaseScriptCaches (1ms)
			RebuildScriptCaches (42ms)
			SetupLoadedEditorAssemblies (508ms)
				LogAssemblyErrors (0ms)
				InitializePlatformSupportModulesInManaged (9ms)
				SetLoadedEditorAssemblies (1ms)
				RefreshPlugins (1ms)
				BeforeProcessingInitializeOnLoad (117ms)
				ProcessInitializeOnLoadAttributes (367ms)
				ProcessInitializeOnLoadMethodAttributes (5ms)
				AfterProcessingInitializeOnLoad (9ms)
				EditorAssembliesLoaded (0ms)
			ExecutionOrderSort2 (0ms)
			AwakeInstancesAfterBackupRestoration (9ms)
Platform modules already initialized, skipping
Refreshing native plugins compatible for Editor in 0.34 ms, found 2 plugins.
Preloading 0 native plugins for Editor in 0.00 ms.
Unloading 1397 Unused Serialized files (Serialized files now loaded: 0)
System memory in use before: 69.0 MB.
System memory in use after: 69.1 MB.

Unloading 13 unused Assets to reduce memory usage. Loaded Objects now: 1884.
Total: 3.234500 ms (FindLiveObjects: 0.165900 ms CreateObjectMapping: 0.045100 ms MarkObjects: 2.936100 ms  DeleteObjects: 0.086500 ms)

AssetImportParameters requested are different than current active one (requested -> active):
  custom:framework-win-MediaFoundation: 216162199b28c13a410421893ffa2e32 -> 
  custom:video-decoder-ogg-theora: a1e56fd34408186e4bbccfd4996cb3dc -> 
  custom:container-muxer-webm: aa71ff27fc2769a1b78a27578f13a17b -> 
  custom:container-demuxer-webm: 4f35f7cbe854078d1ac9338744f61a02 -> 
  custom:container-demuxer-ogg: 62fdf1f143b41e24485cea50d1cbac27 -> 
  custom:video-encoder-webm-vp8: eb34c28f22e8b96e1ab97ce403110664 -> 
  custom:video-decoder-webm-vp8: 9c59270c3fd7afecdb556c50c9e8de78 -> 
  custom:audio-decoder-ogg-vorbis: bf7c407c2cedff20999df2af8eb42d56 -> 
  custom:audio-encoder-webm-vorbis: bf7c407c2cedff20999df2af8eb42d56 -> 
========================================================================
Received Import Request.
  Time since last request: 2193.922286 seconds.
  path: Assets/scripts/ToxicSlime.cs
  artifactKey: Guid(ffd21295588b70d49bdc6cc9a52eb323) Importer(815301076,1909f56bfc062723c751e8b465ee728b)
Start importing Assets/scripts/ToxicSlime.cs using Guid(ffd21295588b70d49bdc6cc9a52eb323) Importer(815301076,1909f56bfc062723c751e8b465ee728b)  -> (artifact id: '40fef7235d9677f8762b4561afce9b21') in 0.022414 seconds 
  Import took 0.026697 seconds .

========================================================================
Received Prepare
Registering precompiled user dll's ...
Registered in 0.010513 seconds.
Begin MonoManager ReloadAssembly
Native extension for WindowsStandalone target not found
Refreshing native plugins compatible for Editor in 0.69 ms, found 2 plugins.
Preloading 0 native plugins for Editor in 0.00 ms.
Mono: successfully reloaded assembly
- Completed reload, in  2.350 seconds
Domain Reload Profiling:
	ReloadAssembly (2351ms)
		BeginReloadAssembly (147ms)
			ExecutionOrderSort (0ms)
			DisableScriptedObjects (5ms)
			BackupInstance (0ms)
			ReleaseScriptingObjects (0ms)
			CreateAndSetChildDomain (42ms)
		EndReloadAssembly (2115ms)
			LoadAssemblies (169ms)
			RebuildTransferFunctionScriptingTraits (0ms)
			SetupTypeCache (568ms)
			ReleaseScriptCaches (1ms)
			RebuildScriptCaches (152ms)
			SetupLoadedEditorAssemblies (842ms)
				LogAssemblyErrors (0ms)
				InitializePlatformSupportModulesInManaged (14ms)
				SetLoadedEditorAssemblies (1ms)
				RefreshPlugins (1ms)
				BeforeProcessingInitializeOnLoad (158ms)
				ProcessInitializeOnLoadAttributes (635ms)
				ProcessInitializeOnLoadMethodAttributes (11ms)
				AfterProcessingInitializeOnLoad (21ms)
				EditorAssembliesLoaded (1ms)
			ExecutionOrderSort2 (0ms)
			AwakeInstancesAfterBackupRestoration (16ms)
Platform modules already initialized, skipping
Refreshing native plugins compatible for Editor in 0.69 ms, found 2 plugins.
Preloading 0 native plugins for Editor in 0.00 ms.
Unloading 1397 Unused Serialized files (Serialized files now loaded: 0)
System memory in use before: 69.0 MB.
System memory in use after: 69.1 MB.

Unloading 13 unused Assets to reduce memory usage. Loaded Objects now: 1886.
Total: 6.352400 ms (FindLiveObjects: 0.331500 ms CreateObjectMapping: 0.100200 ms MarkObjects: 5.883200 ms  DeleteObjects: 0.035300 ms)

AssetImportParameters requested are different than current active one (requested -> active):
  custom:framework-win-MediaFoundation: 216162199b28c13a410421893ffa2e32 -> 
  custom:video-decoder-ogg-theora: a1e56fd34408186e4bbccfd4996cb3dc -> 
  custom:container-muxer-webm: aa71ff27fc2769a1b78a27578f13a17b -> 
  custom:container-demuxer-webm: 4f35f7cbe854078d1ac9338744f61a02 -> 
  custom:container-demuxer-ogg: 62fdf1f143b41e24485cea50d1cbac27 -> 
  custom:video-encoder-webm-vp8: eb34c28f22e8b96e1ab97ce403110664 -> 
  custom:video-decoder-webm-vp8: 9c59270c3fd7afecdb556c50c9e8de78 -> 
  custom:audio-decoder-ogg-vorbis: bf7c407c2cedff20999df2af8eb42d56 -> 
  custom:audio-encoder-webm-vorbis: bf7c407c2cedff20999df2af8eb42d56 -> 
========================================================================
Received Import Request.
  Time since last request: 421.822269 seconds.
  path: Assets/scripts/ToxicSlime.cs
  artifactKey: Guid(ffd21295588b70d49bdc6cc9a52eb323) Importer(815301076,1909f56bfc062723c751e8b465ee728b)
Start importing Assets/scripts/ToxicSlime.cs using Guid(ffd21295588b70d49bdc6cc9a52eb323) Importer(815301076,1909f56bfc062723c751e8b465ee728b)  -> (artifact id: '86717d58c361fe57ced698603f1c4bb8') in 0.013811 seconds 
  Import took 0.067671 seconds .

========================================================================
Received Prepare
Registering precompiled user dll's ...
Registered in 0.013166 seconds.
Begin MonoManager ReloadAssembly
Native extension for WindowsStandalone target not found
Refreshing native plugins compatible for Editor in 0.36 ms, found 2 plugins.
Preloading 0 native plugins for Editor in 0.00 ms.
Mono: successfully reloaded assembly
- Completed reload, in  1.739 seconds
Domain Reload Profiling:
	ReloadAssembly (1740ms)
		BeginReloadAssembly (151ms)
			ExecutionOrderSort (0ms)
			DisableScriptedObjects (8ms)
			BackupInstance (0ms)
			ReleaseScriptingObjects (0ms)
			CreateAndSetChildDomain (50ms)
		EndReloadAssembly (1519ms)
			LoadAssemblies (116ms)
			RebuildTransferFunctionScriptingTraits (0ms)
			SetupTypeCache (536ms)
			ReleaseScriptCaches (1ms)
			RebuildScriptCaches (144ms)
			SetupLoadedEditorAssemblies (433ms)
				LogAssemblyErrors (0ms)
				InitializePlatformSupportModulesInManaged (5ms)
				SetLoadedEditorAssemblies (0ms)
				RefreshPlugins (0ms)
				BeforeProcessingInitializeOnLoad (87ms)
				ProcessInitializeOnLoadAttributes (328ms)
				ProcessInitializeOnLoadMethodAttributes (4ms)
				AfterProcessingInitializeOnLoad (8ms)
				EditorAssembliesLoaded (0ms)
			ExecutionOrderSort2 (0ms)
			AwakeInstancesAfterBackupRestoration (8ms)
Platform modules already initialized, skipping
Refreshing native plugins compatible for Editor in 0.37 ms, found 2 plugins.
Preloading 0 native plugins for Editor in 0.00 ms.
Unloading 1397 Unused Serialized files (Serialized files now loaded: 0)
System memory in use before: 69.0 MB.
System memory in use after: 69.2 MB.

Unloading 13 unused Assets to reduce memory usage. Loaded Objects now: 1888.
Total: 3.050900 ms (FindLiveObjects: 0.159400 ms CreateObjectMapping: 0.044600 ms MarkObjects: 2.796000 ms  DeleteObjects: 0.050000 ms)

AssetImportParameters requested are different than current active one (requested -> active):
  custom:framework-win-MediaFoundation: 216162199b28c13a410421893ffa2e32 -> 
  custom:video-decoder-ogg-theora: a1e56fd34408186e4bbccfd4996cb3dc -> 
  custom:container-muxer-webm: aa71ff27fc2769a1b78a27578f13a17b -> 
  custom:container-demuxer-webm: 4f35f7cbe854078d1ac9338744f61a02 -> 
  custom:container-demuxer-ogg: 62fdf1f143b41e24485cea50d1cbac27 -> 
  custom:video-encoder-webm-vp8: eb34c28f22e8b96e1ab97ce403110664 -> 
  custom:video-decoder-webm-vp8: 9c59270c3fd7afecdb556c50c9e8de78 -> 
  custom:audio-decoder-ogg-vorbis: bf7c407c2cedff20999df2af8eb42d56 -> 
  custom:audio-encoder-webm-vorbis: bf7c407c2cedff20999df2af8eb42d56 -> 
========================================================================
Received Prepare
Registering precompiled user dll's ...
Registered in 0.024844 seconds.
Begin MonoManager ReloadAssembly
Native extension for WindowsStandalone target not found
Refreshing native plugins compatible for Editor in 0.65 ms, found 2 plugins.
Preloading 0 native plugins for Editor in 0.00 ms.
Mono: successfully reloaded assembly
- Completed reload, in  2.589 seconds
Domain Reload Profiling:
	ReloadAssembly (2590ms)
		BeginReloadAssembly (309ms)
			ExecutionOrderSort (0ms)
			DisableScriptedObjects (27ms)
			BackupInstance (0ms)
			ReleaseScriptingObjects (0ms)
			CreateAndSetChildDomain (87ms)
		EndReloadAssembly (2173ms)
			LoadAssemblies (209ms)
			RebuildTransferFunctionScriptingTraits (0ms)
			SetupTypeCache (699ms)
			ReleaseScriptCaches (1ms)
			RebuildScriptCaches (57ms)
			SetupLoadedEditorAssemblies (908ms)
				LogAssemblyErrors (0ms)
				InitializePlatformSupportModulesInManaged (18ms)
				SetLoadedEditorAssemblies (1ms)
				RefreshPlugins (1ms)
				BeforeProcessingInitializeOnLoad (220ms)
				ProcessInitializeOnLoadAttributes (638ms)
				ProcessInitializeOnLoadMethodAttributes (10ms)
				AfterProcessingInitializeOnLoad (20ms)
				EditorAssembliesLoaded (1ms)
			ExecutionOrderSort2 (0ms)
			AwakeInstancesAfterBackupRestoration (15ms)
Platform modules already initialized, skipping
Refreshing native plugins compatible for Editor in 0.64 ms, found 2 plugins.
Preloading 0 native plugins for Editor in 0.00 ms.
Unloading 1397 Unused Serialized files (Serialized files now loaded: 0)
System memory in use before: 69.1 MB.
System memory in use after: 69.2 MB.

Unloading 13 unused Assets to reduce memory usage. Loaded Objects now: 1890.
Total: 9.725600 ms (FindLiveObjects: 0.479700 ms CreateObjectMapping: 0.108500 ms MarkObjects: 9.075600 ms  DeleteObjects: 0.058500 ms)

AssetImportParameters requested are different than current active one (requested -> active):
  custom:framework-win-MediaFoundation: 216162199b28c13a410421893ffa2e32 -> 
  custom:video-decoder-ogg-theora: a1e56fd34408186e4bbccfd4996cb3dc -> 
  custom:container-muxer-webm: aa71ff27fc2769a1b78a27578f13a17b -> 
  custom:container-demuxer-webm: 4f35f7cbe854078d1ac9338744f61a02 -> 
  custom:container-demuxer-ogg: 62fdf1f143b41e24485cea50d1cbac27 -> 
  custom:video-encoder-webm-vp8: eb34c28f22e8b96e1ab97ce403110664 -> 
  custom:video-decoder-webm-vp8: 9c59270c3fd7afecdb556c50c9e8de78 -> 
  custom:audio-decoder-ogg-vorbis: bf7c407c2cedff20999df2af8eb42d56 -> 
  custom:audio-encoder-webm-vorbis: bf7c407c2cedff20999df2af8eb42d56 -> 
